2025-11-16 15:04:36,320 P15588 INFO {
    "framework": "SSD",
    "hidden_size": 128,
    "embedding_dim": 32,
    "num_layers": 2,
    "encoder_type": "cnn",
    "reconstruction_mode": "global2local",
    "masking_by": "frequency",
    "masking_mode": "row_value_mask",
    "masking_ratio": -1.0,
    "masking_strategy": "fixed-topk",
    "session_level": "entry",
    "loss_ablation": "all",
    "alpha": 50.0,
    "beta": 1.0,
    "gamma": 1.0,
    "kernel_sizes": [
        2,
        3,
        4
    ],
    "decoder_type": "deconv",
    "pooling_mode": "max",
    "datasets": [
        "bgl"
    ],
    "data_dir": "../data/processed/",
    "session_size": 100,
    "window_size": 100,
    "stride": 100,
    "without_duplicate": true,
    "feature_type": "semantics",
    "embedding_type": "tfidf",
    "label_type": "none",
    "pretrain_path": null,
    "max_token_len": 50,
    "min_token_count": 1,
    "semi_supervised": true,
    "no_validation": true,
    "train_ratio": 0.8,
    "sampling_size": 1.0,
    "run_times": 3,
    "epoches": 100,
    "batch_size": 64,
    "patience": 20,
    "weight_decay": 0.0001,
    "peak_lr": 0.01,
    "end_lr": 0.0001,
    "warmup_epoch": 0,
    "show_statistics": false,
    "random_seed": 42,
    "gpu": 0,
    "cache": false,
    "dataset": "bgl",
    "window_type": "sliding",
    "eval_type": "session",
    "hash_id": "18cda064"
}
2025-11-16 15:04:36,428 P15588 INFO Start training on 64 batches with cuda:0.
2025-11-16 15:05:19,577 P15588 INFO Epoch 1/100, training loss: 0.03198 [43.15s]
2025-11-16 15:05:19,587 P15588 INFO Evaluating test data.
2025-11-16 15:05:20,166 P15588 INFO Finish inference [0.58s]
2025-11-16 15:05:26,332 P15588 INFO {'f1': '0.7769', 'rc': '0.7287', 'pc': '0.8319', 'prc': '0.8728', 'roc': '0.9803', 'apc': '0.8733', 'acc': '0.9569', 'mcc': '0.7552'}
2025-11-16 15:05:26,333 P15588 INFO {'best anomaly ratio setting: 0.086'}
2025-11-16 15:05:26,333 P15588 INFO Saving model to ./experiment_records\18cda064\model.ckpt
2025-11-16 15:05:38,440 P15588 INFO Epoch 2/100, training loss: 0.00979 [12.10s]
2025-11-16 15:05:38,440 P15588 INFO Evaluating test data.
2025-11-16 15:05:38,799 P15588 INFO Finish inference [0.36s]
2025-11-16 15:05:42,951 P15588 INFO {'f1': '0.7235', 'rc': '0.9535', 'pc': '0.5829', 'prc': '0.8300', 'roc': '0.9744', 'apc': '0.8307', 'acc': '0.9250', 'mcc': '0.7108'}
2025-11-16 15:05:42,952 P15588 INFO {'best anomaly ratio setting: 0.166'}
2025-11-16 15:05:42,952 P15588 INFO 19 epoches left before early stop
2025-11-16 15:05:54,980 P15588 INFO Epoch 3/100, training loss: 0.00590 [12.03s]
2025-11-16 15:05:54,980 P15588 INFO Evaluating test data.
2025-11-16 15:05:55,366 P15588 INFO Finish inference [0.39s]
2025-11-16 15:06:00,548 P15588 INFO {'f1': '0.7405', 'rc': '0.9845', 'pc': '0.5935', 'prc': '0.8252', 'roc': '0.9755', 'apc': '0.8264', 'acc': '0.9290', 'mcc': '0.7325'}
2025-11-16 15:06:00,549 P15588 INFO {'best anomaly ratio setting: 0.166'}
2025-11-16 15:06:00,549 P15588 INFO 18 epoches left before early stop
2025-11-16 15:06:13,612 P15588 INFO Epoch 4/100, training loss: 0.00438 [13.06s]
2025-11-16 15:06:13,612 P15588 INFO Evaluating test data.
2025-11-16 15:06:14,042 P15588 INFO Finish inference [0.43s]
2025-11-16 15:06:19,129 P15588 INFO {'f1': '0.7522', 'rc': '1.0000', 'pc': '0.6028', 'prc': '0.8438', 'roc': '0.9783', 'apc': '0.8445', 'acc': '0.9322', 'mcc': '0.7465'}
2025-11-16 15:06:19,129 P15588 INFO {'best anomaly ratio setting: 0.166'}
2025-11-16 15:06:19,130 P15588 INFO 17 epoches left before early stop
2025-11-16 15:06:31,864 P15588 INFO Epoch 5/100, training loss: 0.00467 [12.73s]
2025-11-16 15:06:31,864 P15588 INFO Evaluating test data.
2025-11-16 15:06:32,289 P15588 INFO Finish inference [0.42s]
2025-11-16 15:06:37,138 P15588 INFO {'f1': '0.7522', 'rc': '1.0000', 'pc': '0.6028', 'prc': '0.8308', 'roc': '0.9756', 'apc': '0.8316', 'acc': '0.9322', 'mcc': '0.7465'}
2025-11-16 15:06:37,138 P15588 INFO {'best anomaly ratio setting: 0.166'}
2025-11-16 15:06:37,138 P15588 INFO 16 epoches left before early stop
2025-11-16 15:06:49,464 P15588 INFO Epoch 6/100, training loss: 0.00285 [12.33s]
2025-11-16 15:06:49,466 P15588 INFO Evaluating test data.
2025-11-16 15:06:49,852 P15588 INFO Finish inference [0.39s]
2025-11-16 15:06:54,658 P15588 INFO {'f1': '0.7522', 'rc': '1.0000', 'pc': '0.6028', 'prc': '0.8531', 'roc': '0.9786', 'apc': '0.8537', 'acc': '0.9322', 'mcc': '0.7465'}
2025-11-16 15:06:54,658 P15588 INFO {'best anomaly ratio setting: 0.166'}
2025-11-16 15:06:54,658 P15588 INFO 15 epoches left before early stop
2025-11-16 15:07:07,034 P15588 INFO Epoch 7/100, training loss: 0.00230 [12.38s]
2025-11-16 15:07:07,035 P15588 INFO Evaluating test data.
2025-11-16 15:07:07,423 P15588 INFO Finish inference [0.39s]
2025-11-16 15:07:12,538 P15588 INFO {'f1': '0.7576', 'rc': '0.9690', 'pc': '0.6219', 'prc': '0.8572', 'roc': '0.9810', 'apc': '0.8580', 'acc': '0.9362', 'mcc': '0.7464'}
2025-11-16 15:07:12,539 P15588 INFO {'best anomaly ratio setting: 0.155'}
2025-11-16 15:07:12,539 P15588 INFO 14 epoches left before early stop
2025-11-16 15:07:25,164 P15588 INFO Epoch 8/100, training loss: 0.00337 [12.62s]
2025-11-16 15:07:25,164 P15588 INFO Evaluating test data.
2025-11-16 15:07:25,583 P15588 INFO Finish inference [0.42s]
2025-11-16 15:07:33,368 P15588 INFO {'f1': '0.7739', 'rc': '0.6899', 'pc': '0.8812', 'prc': '0.8663', 'roc': '0.9807', 'apc': '0.8669', 'acc': '0.9585', 'mcc': '0.7583'}
2025-11-16 15:07:33,368 P15588 INFO {'best anomaly ratio setting: 0.075'}
2025-11-16 15:07:33,368 P15588 INFO 13 epoches left before early stop
2025-11-16 15:07:46,801 P15588 INFO Epoch 9/100, training loss: 0.00577 [13.43s]
2025-11-16 15:07:46,802 P15588 INFO Evaluating test data.
2025-11-16 15:07:47,263 P15588 INFO Finish inference [0.46s]
2025-11-16 15:07:53,594 P15588 INFO {'f1': '0.7652', 'rc': '0.6822', 'pc': '0.8713', 'prc': '0.8660', 'roc': '0.9811', 'apc': '0.8667', 'acc': '0.9569', 'mcc': '0.7486'}
2025-11-16 15:07:53,595 P15588 INFO {'best anomaly ratio setting: 0.075'}
2025-11-16 15:07:53,595 P15588 INFO 12 epoches left before early stop
2025-11-16 15:08:05,775 P15588 INFO Epoch 10/100, training loss: 0.00283 [12.18s]
2025-11-16 15:08:05,775 P15588 INFO Evaluating test data.
2025-11-16 15:08:06,162 P15588 INFO Finish inference [0.39s]
2025-11-16 15:08:10,429 P15588 INFO {'f1': '0.7826', 'rc': '0.6977', 'pc': '0.8911', 'prc': '0.8777', 'roc': '0.9839', 'apc': '0.8788', 'acc': '0.9601', 'mcc': '0.7679'}
2025-11-16 15:08:10,430 P15588 INFO {'best anomaly ratio setting: 0.075'}
2025-11-16 15:08:10,430 P15588 INFO Saving model to ./experiment_records\18cda064\model.ckpt
2025-11-16 15:08:22,491 P15588 INFO Epoch 11/100, training loss: 0.00499 [12.06s]
2025-11-16 15:08:22,491 P15588 INFO Evaluating test data.
2025-11-16 15:08:22,857 P15588 INFO Finish inference [0.37s]
2025-11-16 15:08:27,115 P15588 INFO {'f1': '0.8174', 'rc': '0.7287', 'pc': '0.9307', 'prc': '0.8791', 'roc': '0.9839', 'apc': '0.8800', 'acc': '0.9665', 'mcc': '0.8065'}
2025-11-16 15:08:27,115 P15588 INFO {'best anomaly ratio setting: 0.075'}
2025-11-16 15:08:27,115 P15588 INFO Saving model to ./experiment_records\18cda064\model.ckpt
2025-11-16 15:08:39,082 P15588 INFO Epoch 12/100, training loss: 0.00508 [11.96s]
2025-11-16 15:08:39,083 P15588 INFO Evaluating test data.
2025-11-16 15:08:39,450 P15588 INFO Finish inference [0.37s]
2025-11-16 15:08:43,786 P15588 INFO {'f1': '0.8099', 'rc': '0.7597', 'pc': '0.8673', 'prc': '0.8923', 'roc': '0.9845', 'apc': '0.8928', 'acc': '0.9633', 'mcc': '0.7918'}
2025-11-16 15:08:43,786 P15588 INFO {'best anomaly ratio setting: 0.086'}
2025-11-16 15:08:43,786 P15588 INFO 19 epoches left before early stop
2025-11-16 15:08:55,807 P15588 INFO Epoch 13/100, training loss: 0.00179 [12.02s]
2025-11-16 15:08:55,807 P15588 INFO Evaluating test data.
2025-11-16 15:08:56,179 P15588 INFO Finish inference [0.37s]
2025-11-16 15:09:00,645 P15588 INFO {'f1': '0.7576', 'rc': '0.9690', 'pc': '0.6219', 'prc': '0.8607', 'roc': '0.9798', 'apc': '0.8615', 'acc': '0.9362', 'mcc': '0.7464'}
2025-11-16 15:09:00,645 P15588 INFO {'best anomaly ratio setting: 0.155'}
2025-11-16 15:09:00,646 P15588 INFO 18 epoches left before early stop
2025-11-16 15:09:12,653 P15588 INFO Epoch 14/100, training loss: 0.00167 [12.01s]
2025-11-16 15:09:12,654 P15588 INFO Evaluating test data.
2025-11-16 15:09:13,025 P15588 INFO Finish inference [0.37s]
2025-11-16 15:09:17,539 P15588 INFO {'f1': '0.7913', 'rc': '0.7054', 'pc': '0.9010', 'prc': '0.8838', 'roc': '0.9833', 'apc': '0.8844', 'acc': '0.9617', 'mcc': '0.7776'}
2025-11-16 15:09:17,540 P15588 INFO {'best anomaly ratio setting: 0.075'}
2025-11-16 15:09:17,540 P15588 INFO 17 epoches left before early stop
2025-11-16 15:09:29,740 P15588 INFO Epoch 15/100, training loss: 0.00157 [12.20s]
2025-11-16 15:09:29,740 P15588 INFO Evaluating test data.
2025-11-16 15:09:30,092 P15588 INFO Finish inference [0.35s]
2025-11-16 15:09:34,561 P15588 INFO {'f1': '0.7834', 'rc': '0.6589', 'pc': '0.9659', 'prc': '0.8714', 'roc': '0.9818', 'apc': '0.8722', 'acc': '0.9625', 'mcc': '0.7805'}
2025-11-16 15:09:34,561 P15588 INFO {'best anomaly ratio setting: 0.066'}
2025-11-16 15:09:34,561 P15588 INFO 16 epoches left before early stop
2025-11-16 15:09:46,588 P15588 INFO Epoch 16/100, training loss: 0.00152 [12.03s]
2025-11-16 15:09:46,588 P15588 INFO Evaluating test data.
2025-11-16 15:09:46,945 P15588 INFO Finish inference [0.36s]
2025-11-16 15:09:51,585 P15588 INFO {'f1': '0.7865', 'rc': '0.8140', 'pc': '0.7609', 'prc': '0.8834', 'roc': '0.9840', 'apc': '0.8840', 'acc': '0.9545', 'mcc': '0.7617'}
2025-11-16 15:09:51,586 P15588 INFO {'best anomaly ratio setting: 0.105'}
2025-11-16 15:09:51,586 P15588 INFO 15 epoches left before early stop
2025-11-16 15:10:03,629 P15588 INFO Epoch 17/100, training loss: 0.00131 [12.04s]
2025-11-16 15:10:03,629 P15588 INFO Evaluating test data.
2025-11-16 15:10:03,995 P15588 INFO Finish inference [0.36s]
2025-11-16 15:10:08,513 P15588 INFO {'f1': '0.8264', 'rc': '0.7752', 'pc': '0.8850', 'prc': '0.8984', 'roc': '0.9858', 'apc': '0.8990', 'acc': '0.9665', 'mcc': '0.8102'}
2025-11-16 15:10:08,513 P15588 INFO {'best anomaly ratio setting: 0.086'}
2025-11-16 15:10:08,513 P15588 INFO Saving model to ./experiment_records\18cda064\model.ckpt
2025-11-16 15:10:20,682 P15588 INFO Epoch 18/100, training loss: 0.00141 [12.16s]
2025-11-16 15:10:20,682 P15588 INFO Evaluating test data.
2025-11-16 15:10:21,045 P15588 INFO Finish inference [0.36s]
2025-11-16 15:10:25,569 P15588 INFO {'f1': '0.8760', 'rc': '0.8217', 'pc': '0.9381', 'prc': '0.9239', 'roc': '0.9906', 'apc': '0.9250', 'acc': '0.9761', 'mcc': '0.8652'}
2025-11-16 15:10:25,570 P15588 INFO {'best anomaly ratio setting: 0.086'}
2025-11-16 15:10:25,570 P15588 INFO Saving model to ./experiment_records\18cda064\model.ckpt
2025-11-16 15:10:37,585 P15588 INFO Epoch 19/100, training loss: 0.00096 [12.01s]
2025-11-16 15:10:37,586 P15588 INFO Evaluating test data.
2025-11-16 15:10:37,938 P15588 INFO Finish inference [0.35s]
2025-11-16 15:10:42,474 P15588 INFO {'f1': '0.8760', 'rc': '0.8217', 'pc': '0.9381', 'prc': '0.9239', 'roc': '0.9899', 'apc': '0.9244', 'acc': '0.9761', 'mcc': '0.8652'}
2025-11-16 15:10:42,475 P15588 INFO {'best anomaly ratio setting: 0.086'}
2025-11-16 15:10:42,475 P15588 INFO 19 epoches left before early stop
2025-11-16 15:10:54,371 P15588 INFO Epoch 20/100, training loss: 0.00082 [11.90s]
2025-11-16 15:10:54,371 P15588 INFO Evaluating test data.
2025-11-16 15:10:54,726 P15588 INFO Finish inference [0.35s]
2025-11-16 15:10:59,433 P15588 INFO {'f1': '0.8182', 'rc': '0.7674', 'pc': '0.8761', 'prc': '0.8924', 'roc': '0.9850', 'apc': '0.8933', 'acc': '0.9649', 'mcc': '0.8010'}
2025-11-16 15:10:59,433 P15588 INFO {'best anomaly ratio setting: 0.086'}
2025-11-16 15:10:59,434 P15588 INFO 18 epoches left before early stop
2025-11-16 15:11:11,373 P15588 INFO Epoch 21/100, training loss: 0.00051 [11.94s]
2025-11-16 15:11:11,375 P15588 INFO Evaluating test data.
2025-11-16 15:11:11,797 P15588 INFO Finish inference [0.42s]
2025-11-16 15:11:16,689 P15588 INFO {'f1': '0.8264', 'rc': '0.7752', 'pc': '0.8850', 'prc': '0.9056', 'roc': '0.9871', 'apc': '0.9064', 'acc': '0.9665', 'mcc': '0.8102'}
2025-11-16 15:11:16,690 P15588 INFO {'best anomaly ratio setting: 0.086'}
2025-11-16 15:11:16,690 P15588 INFO 17 epoches left before early stop
2025-11-16 15:11:29,077 P15588 INFO Epoch 22/100, training loss: 0.00056 [12.38s]
2025-11-16 15:11:29,077 P15588 INFO Evaluating test data.
2025-11-16 15:11:29,429 P15588 INFO Finish inference [0.35s]
2025-11-16 15:11:34,010 P15588 INFO {'f1': '0.8240', 'rc': '0.8527', 'pc': '0.7971', 'prc': '0.8994', 'roc': '0.9868', 'apc': '0.9005', 'acc': '0.9625', 'mcc': '0.8036'}
2025-11-16 15:11:34,010 P15588 INFO {'best anomaly ratio setting: 0.105'}
2025-11-16 15:11:34,010 P15588 INFO 16 epoches left before early stop
2025-11-16 15:11:45,962 P15588 INFO Epoch 23/100, training loss: 0.00065 [11.95s]
2025-11-16 15:11:45,963 P15588 INFO Evaluating test data.
2025-11-16 15:11:46,341 P15588 INFO Finish inference [0.38s]
2025-11-16 15:11:50,953 P15588 INFO {'f1': '0.7926', 'rc': '0.6667', 'pc': '0.9773', 'prc': '0.8820', 'roc': '0.9833', 'apc': '0.8826', 'acc': '0.9641', 'mcc': '0.7907'}
2025-11-16 15:11:50,954 P15588 INFO {'best anomaly ratio setting: 0.066'}
2025-11-16 15:11:50,954 P15588 INFO 15 epoches left before early stop
2025-11-16 15:12:03,100 P15588 INFO Epoch 24/100, training loss: 0.00035 [12.15s]
2025-11-16 15:12:03,101 P15588 INFO Evaluating test data.
2025-11-16 15:12:03,517 P15588 INFO Finish inference [0.42s]
2025-11-16 15:12:09,364 P15588 INFO {'f1': '0.7834', 'rc': '0.6589', 'pc': '0.9659', 'prc': '0.8796', 'roc': '0.9838', 'apc': '0.8805', 'acc': '0.9625', 'mcc': '0.7805'}
2025-11-16 15:12:09,364 P15588 INFO {'best anomaly ratio setting: 0.066'}
2025-11-16 15:12:09,365 P15588 INFO 14 epoches left before early stop
2025-11-16 15:12:22,447 P15588 INFO Epoch 25/100, training loss: 0.00038 [13.08s]
2025-11-16 15:12:22,448 P15588 INFO Evaluating test data.
2025-11-16 15:12:22,821 P15588 INFO Finish inference [0.37s]
2025-11-16 15:12:27,475 P15588 INFO {'f1': '0.8571', 'rc': '0.9302', 'pc': '0.7947', 'prc': '0.9156', 'roc': '0.9907', 'apc': '0.9173', 'acc': '0.9681', 'mcc': '0.8426'}
2025-11-16 15:12:27,475 P15588 INFO {'best anomaly ratio setting: 0.115'}
2025-11-16 15:12:27,476 P15588 INFO 13 epoches left before early stop
2025-11-16 15:12:39,636 P15588 INFO Epoch 26/100, training loss: 0.00032 [12.16s]
2025-11-16 15:12:39,636 P15588 INFO Evaluating test data.
2025-11-16 15:12:40,061 P15588 INFO Finish inference [0.42s]
2025-11-16 15:12:44,888 P15588 INFO {'f1': '0.8714', 'rc': '0.9457', 'pc': '0.8079', 'prc': '0.9335', 'roc': '0.9929', 'apc': '0.9346', 'acc': '0.9713', 'mcc': '0.8587'}
2025-11-16 15:12:44,889 P15588 INFO {'best anomaly ratio setting: 0.115'}
2025-11-16 15:12:44,889 P15588 INFO 12 epoches left before early stop
2025-11-16 15:12:57,149 P15588 INFO Epoch 27/100, training loss: 0.00022 [12.26s]
2025-11-16 15:12:57,150 P15588 INFO Evaluating test data.
2025-11-16 15:12:57,593 P15588 INFO Finish inference [0.44s]
2025-11-16 15:13:02,558 P15588 INFO {'f1': '0.8926', 'rc': '0.8372', 'pc': '0.9558', 'prc': '0.9443', 'roc': '0.9941', 'apc': '0.9455', 'acc': '0.9793', 'mcc': '0.8835'}
2025-11-16 15:13:02,558 P15588 INFO {'best anomaly ratio setting: 0.086'}
2025-11-16 15:13:02,559 P15588 INFO Saving model to ./experiment_records\18cda064\model.ckpt
2025-11-16 15:13:14,686 P15588 INFO Epoch 28/100, training loss: 0.00025 [12.12s]
2025-11-16 15:13:14,687 P15588 INFO Evaluating test data.
2025-11-16 15:13:15,063 P15588 INFO Finish inference [0.38s]
2025-11-16 15:13:20,448 P15588 INFO {'f1': '0.9256', 'rc': '0.8682', 'pc': '0.9912', 'prc': '0.9650', 'roc': '0.9959', 'apc': '0.9652', 'acc': '0.9856', 'mcc': '0.9202'}
2025-11-16 15:13:20,449 P15588 INFO {'best anomaly ratio setting: 0.086'}
2025-11-16 15:13:20,449 P15588 INFO Saving model to ./experiment_records\18cda064\model.ckpt
2025-11-16 15:13:33,064 P15588 INFO Epoch 29/100, training loss: 0.00024 [12.61s]
2025-11-16 15:13:33,064 P15588 INFO Evaluating test data.
2025-11-16 15:13:33,546 P15588 INFO Finish inference [0.48s]
2025-11-16 15:13:38,762 P15588 INFO {'f1': '0.9804', 'rc': '0.9690', 'pc': '0.9921', 'prc': '0.9757', 'roc': '0.9979', 'apc': '0.9761', 'acc': '0.9960', 'mcc': '0.9783'}
2025-11-16 15:13:38,763 P15588 INFO {'best anomaly ratio setting: 0.095'}
2025-11-16 15:13:38,763 P15588 INFO Saving model to ./experiment_records\18cda064\model.ckpt
2025-11-16 15:13:51,423 P15588 INFO Epoch 30/100, training loss: 0.00020 [12.66s]
2025-11-16 15:13:51,424 P15588 INFO Evaluating test data.
2025-11-16 15:13:51,814 P15588 INFO Finish inference [0.39s]
2025-11-16 15:13:56,604 P15588 INFO {'f1': '0.9490', 'rc': '0.9380', 'pc': '0.9603', 'prc': '0.9733', 'roc': '0.9975', 'apc': '0.9736', 'acc': '0.9896', 'mcc': '0.9433'}
2025-11-16 15:13:56,604 P15588 INFO {'best anomaly ratio setting: 0.095'}
2025-11-16 15:13:56,605 P15588 INFO 19 epoches left before early stop
2025-11-16 15:14:08,666 P15588 INFO Epoch 31/100, training loss: 0.00021 [12.06s]
2025-11-16 15:14:08,666 P15588 INFO Evaluating test data.
2025-11-16 15:14:09,070 P15588 INFO Finish inference [0.40s]
2025-11-16 15:14:14,903 P15588 INFO {'f1': '0.9647', 'rc': '0.9535', 'pc': '0.9762', 'prc': '0.9717', 'roc': '0.9967', 'apc': '0.9720', 'acc': '0.9928', 'mcc': '0.9608'}
2025-11-16 15:14:14,904 P15588 INFO {'best anomaly ratio setting: 0.095'}
2025-11-16 15:14:14,904 P15588 INFO 18 epoches left before early stop
2025-11-16 15:14:28,790 P15588 INFO Epoch 32/100, training loss: 0.00014 [13.89s]
2025-11-16 15:14:28,792 P15588 INFO Evaluating test data.
2025-11-16 15:14:29,406 P15588 INFO Finish inference [0.61s]
2025-11-16 15:14:35,891 P15588 INFO {'f1': '0.9098', 'rc': '0.8992', 'pc': '0.9206', 'prc': '0.9608', 'roc': '0.9949', 'apc': '0.9610', 'acc': '0.9817', 'mcc': '0.8997'}
2025-11-16 15:14:35,891 P15588 INFO {'best anomaly ratio setting: 0.095'}
2025-11-16 15:14:35,892 P15588 INFO 17 epoches left before early stop
2025-11-16 15:14:48,263 P15588 INFO Epoch 33/100, training loss: 0.00014 [12.37s]
2025-11-16 15:14:48,263 P15588 INFO Evaluating test data.
2025-11-16 15:14:48,684 P15588 INFO Finish inference [0.42s]
2025-11-16 15:14:53,700 P15588 INFO {'f1': '0.9412', 'rc': '0.9302', 'pc': '0.9524', 'prc': '0.9694', 'roc': '0.9962', 'apc': '0.9695', 'acc': '0.9880', 'mcc': '0.9346'}
2025-11-16 15:14:53,701 P15588 INFO {'best anomaly ratio setting: 0.095'}
2025-11-16 15:14:53,701 P15588 INFO 16 epoches left before early stop
2025-11-16 15:15:05,956 P15588 INFO Epoch 34/100, training loss: 0.00014 [12.26s]
2025-11-16 15:15:05,956 P15588 INFO Evaluating test data.
2025-11-16 15:15:06,364 P15588 INFO Finish inference [0.41s]
2025-11-16 15:15:11,527 P15588 INFO {'f1': '0.9176', 'rc': '0.9070', 'pc': '0.9286', 'prc': '0.9593', 'roc': '0.9946', 'apc': '0.9595', 'acc': '0.9833', 'mcc': '0.9084'}
2025-11-16 15:15:11,527 P15588 INFO {'best anomaly ratio setting: 0.095'}
2025-11-16 15:15:11,528 P15588 INFO 15 epoches left before early stop
2025-11-16 15:15:23,793 P15588 INFO Epoch 35/100, training loss: 0.00013 [12.27s]
2025-11-16 15:15:23,793 P15588 INFO Evaluating test data.
2025-11-16 15:15:24,196 P15588 INFO Finish inference [0.40s]
2025-11-16 15:15:29,560 P15588 INFO {'f1': '0.9256', 'rc': '0.8682', 'pc': '0.9912', 'prc': '0.9639', 'roc': '0.9953', 'apc': '0.9640', 'acc': '0.9856', 'mcc': '0.9202'}
2025-11-16 15:15:29,560 P15588 INFO {'best anomaly ratio setting: 0.086'}
2025-11-16 15:15:29,561 P15588 INFO 14 epoches left before early stop
2025-11-16 15:15:41,778 P15588 INFO Epoch 36/100, training loss: 0.00011 [12.22s]
2025-11-16 15:15:41,778 P15588 INFO Evaluating test data.
2025-11-16 15:15:42,184 P15588 INFO Finish inference [0.40s]
2025-11-16 15:15:47,118 P15588 INFO {'f1': '0.8390', 'rc': '0.8682', 'pc': '0.8116', 'prc': '0.9318', 'roc': '0.9909', 'apc': '0.9322', 'acc': '0.9657', 'mcc': '0.8204'}
2025-11-16 15:15:47,118 P15588 INFO {'best anomaly ratio setting: 0.105'}
2025-11-16 15:15:47,118 P15588 INFO 13 epoches left before early stop
2025-11-16 15:15:59,355 P15588 INFO Epoch 37/100, training loss: 0.00011 [12.24s]
2025-11-16 15:15:59,356 P15588 INFO Evaluating test data.
2025-11-16 15:15:59,739 P15588 INFO Finish inference [0.38s]
2025-11-16 15:16:04,491 P15588 INFO {'f1': '0.7758', 'rc': '0.9922', 'pc': '0.6368', 'prc': '0.8563', 'roc': '0.9792', 'apc': '0.8572', 'acc': '0.9410', 'mcc': '0.7679'}
2025-11-16 15:16:04,492 P15588 INFO {'best anomaly ratio setting: 0.155'}
2025-11-16 15:16:04,492 P15588 INFO 12 epoches left before early stop
2025-11-16 15:16:16,627 P15588 INFO Epoch 38/100, training loss: 0.00018 [12.13s]
2025-11-16 15:16:16,628 P15588 INFO Evaluating test data.
2025-11-16 15:16:17,004 P15588 INFO Finish inference [0.38s]
2025-11-16 15:16:22,068 P15588 INFO {'f1': '0.7826', 'rc': '0.6977', 'pc': '0.8911', 'prc': '0.8624', 'roc': '0.9798', 'apc': '0.8630', 'acc': '0.9601', 'mcc': '0.7679'}
2025-11-16 15:16:22,068 P15588 INFO {'best anomaly ratio setting: 0.075'}
2025-11-16 15:16:22,068 P15588 INFO 11 epoches left before early stop
2025-11-16 15:16:34,228 P15588 INFO Epoch 39/100, training loss: 0.00011 [12.16s]
2025-11-16 15:16:34,228 P15588 INFO Evaluating test data.
2025-11-16 15:16:34,621 P15588 INFO Finish inference [0.39s]
2025-11-16 15:16:39,881 P15588 INFO {'f1': '0.7758', 'rc': '0.9922', 'pc': '0.6368', 'prc': '0.8076', 'roc': '0.9721', 'apc': '0.8085', 'acc': '0.9410', 'mcc': '0.7679'}
2025-11-16 15:16:39,882 P15588 INFO {'best anomaly ratio setting: 0.155'}
2025-11-16 15:16:39,882 P15588 INFO 10 epoches left before early stop
2025-11-16 15:16:52,166 P15588 INFO Epoch 40/100, training loss: 0.00012 [12.28s]
2025-11-16 15:16:52,166 P15588 INFO Evaluating test data.
2025-11-16 15:16:52,548 P15588 INFO Finish inference [0.38s]
2025-11-16 15:16:57,944 P15588 INFO {'f1': '0.7758', 'rc': '0.9922', 'pc': '0.6368', 'prc': '0.8315', 'roc': '0.9756', 'apc': '0.8323', 'acc': '0.9410', 'mcc': '0.7679'}
2025-11-16 15:16:57,945 P15588 INFO {'best anomaly ratio setting: 0.155'}
2025-11-16 15:16:57,945 P15588 INFO 9 epoches left before early stop
2025-11-16 15:17:10,143 P15588 INFO Epoch 41/100, training loss: 0.00010 [12.20s]
2025-11-16 15:17:10,144 P15588 INFO Evaluating test data.
2025-11-16 15:17:10,531 P15588 INFO Finish inference [0.39s]
2025-11-16 15:17:15,558 P15588 INFO {'f1': '0.7758', 'rc': '0.9922', 'pc': '0.6368', 'prc': '0.8221', 'roc': '0.9741', 'apc': '0.8229', 'acc': '0.9410', 'mcc': '0.7679'}
2025-11-16 15:17:15,558 P15588 INFO {'best anomaly ratio setting: 0.155'}
2025-11-16 15:17:15,558 P15588 INFO 8 epoches left before early stop
2025-11-16 15:17:27,586 P15588 INFO Epoch 42/100, training loss: 0.00008 [12.03s]
2025-11-16 15:17:27,587 P15588 INFO Evaluating test data.
2025-11-16 15:17:27,984 P15588 INFO Finish inference [0.40s]
2025-11-16 15:17:32,820 P15588 INFO {'f1': '0.7758', 'rc': '0.9922', 'pc': '0.6368', 'prc': '0.8366', 'roc': '0.9761', 'apc': '0.8373', 'acc': '0.9410', 'mcc': '0.7679'}
2025-11-16 15:17:32,821 P15588 INFO {'best anomaly ratio setting: 0.155'}
2025-11-16 15:17:32,821 P15588 INFO 7 epoches left before early stop
2025-11-16 15:17:44,952 P15588 INFO Epoch 43/100, training loss: 0.00009 [12.13s]
2025-11-16 15:17:44,952 P15588 INFO Evaluating test data.
2025-11-16 15:17:45,337 P15588 INFO Finish inference [0.38s]
2025-11-16 15:17:50,389 P15588 INFO {'f1': '0.7758', 'rc': '0.9922', 'pc': '0.6368', 'prc': '0.8474', 'roc': '0.9776', 'apc': '0.8481', 'acc': '0.9410', 'mcc': '0.7679'}
2025-11-16 15:17:50,389 P15588 INFO {'best anomaly ratio setting: 0.155'}
2025-11-16 15:17:50,390 P15588 INFO 6 epoches left before early stop
2025-11-16 15:18:02,536 P15588 INFO Epoch 44/100, training loss: 0.00010 [12.15s]
2025-11-16 15:18:02,538 P15588 INFO Evaluating test data.
2025-11-16 15:18:02,919 P15588 INFO Finish inference [0.38s]
2025-11-16 15:18:07,825 P15588 INFO {'f1': '0.7758', 'rc': '0.9922', 'pc': '0.6368', 'prc': '0.8184', 'roc': '0.9735', 'apc': '0.8193', 'acc': '0.9410', 'mcc': '0.7679'}
2025-11-16 15:18:07,825 P15588 INFO {'best anomaly ratio setting: 0.155'}
2025-11-16 15:18:07,826 P15588 INFO 5 epoches left before early stop
2025-11-16 15:18:19,996 P15588 INFO Epoch 45/100, training loss: 0.00020 [12.17s]
2025-11-16 15:18:19,997 P15588 INFO Evaluating test data.
2025-11-16 15:18:20,383 P15588 INFO Finish inference [0.39s]
2025-11-16 15:18:25,474 P15588 INFO {'f1': '0.7826', 'rc': '0.6977', 'pc': '0.8911', 'prc': '0.8633', 'roc': '0.9800', 'apc': '0.8640', 'acc': '0.9601', 'mcc': '0.7679'}
2025-11-16 15:18:25,475 P15588 INFO {'best anomaly ratio setting: 0.075'}
2025-11-16 15:18:25,475 P15588 INFO 4 epoches left before early stop
2025-11-16 15:18:37,793 P15588 INFO Epoch 46/100, training loss: 0.00014 [12.32s]
2025-11-16 15:18:37,793 P15588 INFO Evaluating test data.
2025-11-16 15:18:38,164 P15588 INFO Finish inference [0.37s]
2025-11-16 15:18:43,240 P15588 INFO {'f1': '0.7758', 'rc': '0.9922', 'pc': '0.6368', 'prc': '0.8527', 'roc': '0.9785', 'apc': '0.8534', 'acc': '0.9410', 'mcc': '0.7679'}
2025-11-16 15:18:43,241 P15588 INFO {'best anomaly ratio setting: 0.155'}
2025-11-16 15:18:43,241 P15588 INFO 3 epoches left before early stop
2025-11-16 15:18:55,453 P15588 INFO Epoch 47/100, training loss: 0.00021 [12.21s]
2025-11-16 15:18:55,454 P15588 INFO Evaluating test data.
2025-11-16 15:18:55,848 P15588 INFO Finish inference [0.39s]
2025-11-16 15:19:00,847 P15588 INFO {'f1': '0.7758', 'rc': '0.9922', 'pc': '0.6368', 'prc': '0.8516', 'roc': '0.9783', 'apc': '0.8523', 'acc': '0.9410', 'mcc': '0.7679'}
2025-11-16 15:19:00,847 P15588 INFO {'best anomaly ratio setting: 0.155'}
2025-11-16 15:19:00,847 P15588 INFO 2 epoches left before early stop
2025-11-16 15:19:13,042 P15588 INFO Epoch 48/100, training loss: 0.00018 [12.19s]
2025-11-16 15:19:13,042 P15588 INFO Evaluating test data.
2025-11-16 15:19:13,421 P15588 INFO Finish inference [0.38s]
2025-11-16 15:19:18,286 P15588 INFO {'f1': '0.8087', 'rc': '0.7209', 'pc': '0.9208', 'prc': '0.8813', 'roc': '0.9824', 'apc': '0.8819', 'acc': '0.9649', 'mcc': '0.7969'}
2025-11-16 15:19:18,286 P15588 INFO {'best anomaly ratio setting: 0.075'}
2025-11-16 15:19:18,286 P15588 INFO 1 epoches left before early stop
2025-11-16 15:19:30,436 P15588 INFO Epoch 49/100, training loss: 0.00015 [12.15s]
2025-11-16 15:19:30,437 P15588 INFO Evaluating test data.
2025-11-16 15:19:30,845 P15588 INFO Finish inference [0.41s]
2025-11-16 15:19:35,680 P15588 INFO {'f1': '0.7758', 'rc': '0.9922', 'pc': '0.6368', 'prc': '0.8540', 'roc': '0.9786', 'apc': '0.8547', 'acc': '0.9410', 'mcc': '0.7679'}
2025-11-16 15:19:35,681 P15588 INFO {'best anomaly ratio setting: 0.155'}
2025-11-16 15:19:35,681 P15588 INFO 0 epoches left before early stop
2025-11-16 15:19:35,681 P15588 INFO Early stop at epoch: 49
2025-11-16 15:19:35,703 P15588 INFO Start training on 64 batches with cuda:0.
2025-11-16 15:19:47,876 P15588 INFO Epoch 1/100, training loss: 0.03402 [12.17s]
2025-11-16 15:19:47,877 P15588 INFO Evaluating test data.
2025-11-16 15:19:48,263 P15588 INFO Finish inference [0.39s]
2025-11-16 15:19:53,182 P15588 INFO {'f1': '0.8429', 'rc': '0.9147', 'pc': '0.7815', 'prc': '0.9212', 'roc': '0.9910', 'apc': '0.9209', 'acc': '0.9649', 'mcc': '0.8265'}
2025-11-16 15:19:53,183 P15588 INFO {'best anomaly ratio setting: 0.115'}
2025-11-16 15:19:53,183 P15588 INFO Saving model to ./experiment_records\18cda064\model.ckpt
2025-11-16 15:20:05,600 P15588 INFO Epoch 2/100, training loss: 0.01025 [12.41s]
2025-11-16 15:20:05,600 P15588 INFO Evaluating test data.
2025-11-16 15:20:05,986 P15588 INFO Finish inference [0.38s]
2025-11-16 15:20:10,885 P15588 INFO {'f1': '0.9000', 'rc': '0.9767', 'pc': '0.8344', 'prc': '0.9480', 'roc': '0.9953', 'apc': '0.9482', 'acc': '0.9777', 'mcc': '0.8910'}
2025-11-16 15:20:10,886 P15588 INFO {'best anomaly ratio setting: 0.115'}
2025-11-16 15:20:10,886 P15588 INFO Saving model to ./experiment_records\18cda064\model.ckpt
2025-11-16 15:20:23,104 P15588 INFO Epoch 3/100, training loss: 0.00661 [12.21s]
2025-11-16 15:20:23,105 P15588 INFO Evaluating test data.
2025-11-16 15:20:23,492 P15588 INFO Finish inference [0.39s]
2025-11-16 15:20:28,387 P15588 INFO {'f1': '0.9513', 'rc': '0.9845', 'pc': '0.9203', 'prc': '0.9700', 'roc': '0.9974', 'apc': '0.9703', 'acc': '0.9896', 'mcc': '0.9462'}
2025-11-16 15:20:28,387 P15588 INFO {'best anomaly ratio setting: 0.105'}
2025-11-16 15:20:28,387 P15588 INFO Saving model to ./experiment_records\18cda064\model.ckpt
2025-11-16 15:20:40,628 P15588 INFO Epoch 4/100, training loss: 0.00601 [12.24s]
2025-11-16 15:20:40,628 P15588 INFO Evaluating test data.
2025-11-16 15:20:41,019 P15588 INFO Finish inference [0.39s]
2025-11-16 15:20:45,915 P15588 INFO {'f1': '0.9588', 'rc': '0.9922', 'pc': '0.9275', 'prc': '0.9682', 'roc': '0.9978', 'apc': '0.9687', 'acc': '0.9912', 'mcc': '0.9546'}
2025-11-16 15:20:45,916 P15588 INFO {'best anomaly ratio setting: 0.105'}
2025-11-16 15:20:45,917 P15588 INFO Saving model to ./experiment_records\18cda064\model.ckpt
2025-11-16 15:20:58,403 P15588 INFO Epoch 5/100, training loss: 0.00501 [12.48s]
2025-11-16 15:20:58,403 P15588 INFO Evaluating test data.
2025-11-16 15:20:58,820 P15588 INFO Finish inference [0.42s]
2025-11-16 15:21:03,853 P15588 INFO {'f1': '0.9588', 'rc': '0.9922', 'pc': '0.9275', 'prc': '0.9677', 'roc': '0.9977', 'apc': '0.9682', 'acc': '0.9912', 'mcc': '0.9546'}
2025-11-16 15:21:03,853 P15588 INFO {'best anomaly ratio setting: 0.105'}
2025-11-16 15:21:03,854 P15588 INFO 19 epoches left before early stop
2025-11-16 15:21:16,120 P15588 INFO Epoch 6/100, training loss: 0.00414 [12.27s]
2025-11-16 15:21:16,121 P15588 INFO Evaluating test data.
2025-11-16 15:21:16,500 P15588 INFO Finish inference [0.38s]
2025-11-16 15:21:21,574 P15588 INFO {'f1': '0.9588', 'rc': '0.9922', 'pc': '0.9275', 'prc': '0.9645', 'roc': '0.9980', 'apc': '0.9652', 'acc': '0.9912', 'mcc': '0.9546'}
2025-11-16 15:21:21,574 P15588 INFO {'best anomaly ratio setting: 0.105'}
2025-11-16 15:21:21,574 P15588 INFO 18 epoches left before early stop
2025-11-16 15:21:33,709 P15588 INFO Epoch 7/100, training loss: 0.00439 [12.13s]
2025-11-16 15:21:33,709 P15588 INFO Evaluating test data.
2025-11-16 15:21:34,096 P15588 INFO Finish inference [0.39s]
2025-11-16 15:21:39,106 P15588 INFO {'f1': '0.9513', 'rc': '0.9845', 'pc': '0.9203', 'prc': '0.9605', 'roc': '0.9977', 'apc': '0.9622', 'acc': '0.9896', 'mcc': '0.9462'}
2025-11-16 15:21:39,106 P15588 INFO {'best anomaly ratio setting: 0.105'}
2025-11-16 15:21:39,106 P15588 INFO 17 epoches left before early stop
2025-11-16 15:21:51,334 P15588 INFO Epoch 8/100, training loss: 0.00316 [12.23s]
2025-11-16 15:21:51,334 P15588 INFO Evaluating test data.
2025-11-16 15:21:51,705 P15588 INFO Finish inference [0.37s]
2025-11-16 15:21:56,703 P15588 INFO {'f1': '0.9513', 'rc': '0.9845', 'pc': '0.9203', 'prc': '0.9572', 'roc': '0.9976', 'apc': '0.9593', 'acc': '0.9896', 'mcc': '0.9462'}
2025-11-16 15:21:56,704 P15588 INFO {'best anomaly ratio setting: 0.105'}
2025-11-16 15:21:56,704 P15588 INFO 16 epoches left before early stop
2025-11-16 15:22:09,119 P15588 INFO Epoch 9/100, training loss: 0.00327 [12.41s]
2025-11-16 15:22:09,119 P15588 INFO Evaluating test data.
2025-11-16 15:22:09,535 P15588 INFO Finish inference [0.41s]
2025-11-16 15:22:14,966 P15588 INFO {'f1': '0.9490', 'rc': '0.9380', 'pc': '0.9603', 'prc': '0.9563', 'roc': '0.9969', 'apc': '0.9577', 'acc': '0.9896', 'mcc': '0.9433'}
2025-11-16 15:22:14,966 P15588 INFO {'best anomaly ratio setting: 0.095'}
2025-11-16 15:22:14,966 P15588 INFO 15 epoches left before early stop
2025-11-16 15:22:27,337 P15588 INFO Epoch 10/100, training loss: 0.00268 [12.37s]
2025-11-16 15:22:27,337 P15588 INFO Evaluating test data.
2025-11-16 15:22:27,820 P15588 INFO Finish inference [0.48s]
2025-11-16 15:22:33,191 P15588 INFO {'f1': '0.8435', 'rc': '0.7519', 'pc': '0.9604', 'prc': '0.9083', 'roc': '0.9896', 'apc': '0.9102', 'acc': '0.9713', 'mcc': '0.8354'}
2025-11-16 15:22:33,191 P15588 INFO {'best anomaly ratio setting: 0.075'}
2025-11-16 15:22:33,191 P15588 INFO 14 epoches left before early stop
2025-11-16 15:22:45,438 P15588 INFO Epoch 11/100, training loss: 0.00207 [12.25s]
2025-11-16 15:22:45,439 P15588 INFO Evaluating test data.
2025-11-16 15:22:45,827 P15588 INFO Finish inference [0.39s]
2025-11-16 15:22:51,352 P15588 INFO {'f1': '0.8767', 'rc': '0.9922', 'pc': '0.7853', 'prc': '0.9375', 'roc': '0.9942', 'apc': '0.9387', 'acc': '0.9713', 'mcc': '0.8683'}
2025-11-16 15:22:51,352 P15588 INFO {'best anomaly ratio setting: 0.126'}
2025-11-16 15:22:51,353 P15588 INFO 13 epoches left before early stop
2025-11-16 15:23:03,963 P15588 INFO Epoch 12/100, training loss: 0.00214 [12.61s]
2025-11-16 15:23:03,963 P15588 INFO Evaluating test data.
2025-11-16 15:23:04,399 P15588 INFO Finish inference [0.44s]
2025-11-16 15:23:09,736 P15588 INFO {'f1': '0.9213', 'rc': '0.9535', 'pc': '0.8913', 'prc': '0.9526', 'roc': '0.9958', 'apc': '0.9535', 'acc': '0.9833', 'mcc': '0.9126'}
2025-11-16 15:23:09,736 P15588 INFO {'best anomaly ratio setting: 0.105'}
2025-11-16 15:23:09,737 P15588 INFO 12 epoches left before early stop
2025-11-16 15:23:22,350 P15588 INFO Epoch 13/100, training loss: 0.00161 [12.61s]
2025-11-16 15:23:22,350 P15588 INFO Evaluating test data.
2025-11-16 15:23:22,817 P15588 INFO Finish inference [0.47s]
2025-11-16 15:23:27,989 P15588 INFO {'f1': '0.8786', 'rc': '0.9535', 'pc': '0.8146', 'prc': '0.9284', 'roc': '0.9924', 'apc': '0.9293', 'acc': '0.9729', 'mcc': '0.8668'}
2025-11-16 15:23:27,989 P15588 INFO {'best anomaly ratio setting: 0.115'}
2025-11-16 15:23:27,989 P15588 INFO 11 epoches left before early stop
2025-11-16 15:23:40,479 P15588 INFO Epoch 14/100, training loss: 0.00173 [12.49s]
2025-11-16 15:23:40,479 P15588 INFO Evaluating test data.
2025-11-16 15:23:40,889 P15588 INFO Finish inference [0.41s]
2025-11-16 15:23:46,264 P15588 INFO {'f1': '0.8714', 'rc': '0.9457', 'pc': '0.8079', 'prc': '0.9394', 'roc': '0.9934', 'apc': '0.9398', 'acc': '0.9713', 'mcc': '0.8587'}
2025-11-16 15:23:46,265 P15588 INFO {'best anomaly ratio setting: 0.115'}
2025-11-16 15:23:46,265 P15588 INFO 10 epoches left before early stop
2025-11-16 15:23:58,585 P15588 INFO Epoch 15/100, training loss: 0.00169 [12.32s]
2025-11-16 15:23:58,586 P15588 INFO Evaluating test data.
2025-11-16 15:23:58,976 P15588 INFO Finish inference [0.39s]
2025-11-16 15:24:03,937 P15588 INFO {'f1': '0.9333', 'rc': '0.9225', 'pc': '0.9444', 'prc': '0.9604', 'roc': '0.9965', 'apc': '0.9612', 'acc': '0.9864', 'mcc': '0.9259'}
2025-11-16 15:24:03,938 P15588 INFO {'best anomaly ratio setting: 0.095'}
2025-11-16 15:24:03,938 P15588 INFO 9 epoches left before early stop
2025-11-16 15:24:16,162 P15588 INFO Epoch 16/100, training loss: 0.00094 [12.22s]
2025-11-16 15:24:16,163 P15588 INFO Evaluating test data.
2025-11-16 15:24:16,564 P15588 INFO Finish inference [0.40s]
2025-11-16 15:24:21,611 P15588 INFO {'f1': '0.9363', 'rc': '0.9690', 'pc': '0.9058', 'prc': '0.9650', 'roc': '0.9967', 'apc': '0.9653', 'acc': '0.9864', 'mcc': '0.9294'}
2025-11-16 15:24:21,612 P15588 INFO {'best anomaly ratio setting: 0.105'}
2025-11-16 15:24:21,612 P15588 INFO 8 epoches left before early stop
2025-11-16 15:24:33,764 P15588 INFO Epoch 17/100, training loss: 0.00189 [12.15s]
2025-11-16 15:24:33,764 P15588 INFO Evaluating test data.
2025-11-16 15:24:34,136 P15588 INFO Finish inference [0.37s]
2025-11-16 15:24:39,047 P15588 INFO {'f1': '0.9255', 'rc': '0.9147', 'pc': '0.9365', 'prc': '0.9533', 'roc': '0.9956', 'apc': '0.9539', 'acc': '0.9848', 'mcc': '0.9171'}
2025-11-16 15:24:39,047 P15588 INFO {'best anomaly ratio setting: 0.095'}
2025-11-16 15:24:39,047 P15588 INFO 7 epoches left before early stop
2025-11-16 15:24:51,369 P15588 INFO Epoch 18/100, training loss: 0.00131 [12.32s]
2025-11-16 15:24:51,370 P15588 INFO Evaluating test data.
2025-11-16 15:24:51,758 P15588 INFO Finish inference [0.39s]
2025-11-16 15:24:56,744 P15588 INFO {'f1': '0.9255', 'rc': '0.9147', 'pc': '0.9365', 'prc': '0.9602', 'roc': '0.9965', 'apc': '0.9611', 'acc': '0.9848', 'mcc': '0.9171'}
2025-11-16 15:24:56,745 P15588 INFO {'best anomaly ratio setting: 0.095'}
2025-11-16 15:24:56,745 P15588 INFO 6 epoches left before early stop
2025-11-16 15:25:08,814 P15588 INFO Epoch 19/100, training loss: 0.00073 [12.07s]
2025-11-16 15:25:08,814 P15588 INFO Evaluating test data.
2025-11-16 15:25:09,180 P15588 INFO Finish inference [0.37s]
2025-11-16 15:25:14,185 P15588 INFO {'f1': '0.9438', 'rc': '0.9767', 'pc': '0.9130', 'prc': '0.9666', 'roc': '0.9975', 'apc': '0.9673', 'acc': '0.9880', 'mcc': '0.9378'}
2025-11-16 15:25:14,185 P15588 INFO {'best anomaly ratio setting: 0.105'}
2025-11-16 15:25:14,185 P15588 INFO 5 epoches left before early stop
2025-11-16 15:25:26,315 P15588 INFO Epoch 20/100, training loss: 0.00099 [12.13s]
2025-11-16 15:25:26,316 P15588 INFO Evaluating test data.
2025-11-16 15:25:26,715 P15588 INFO Finish inference [0.40s]
2025-11-16 15:25:31,672 P15588 INFO {'f1': '0.9569', 'rc': '0.9457', 'pc': '0.9683', 'prc': '0.9709', 'roc': '0.9979', 'apc': '0.9715', 'acc': '0.9912', 'mcc': '0.9521'}
2025-11-16 15:25:31,673 P15588 INFO {'best anomaly ratio setting: 0.095'}
2025-11-16 15:25:31,673 P15588 INFO 4 epoches left before early stop
2025-11-16 15:25:43,819 P15588 INFO Epoch 21/100, training loss: 0.00095 [12.15s]
2025-11-16 15:25:43,820 P15588 INFO Evaluating test data.
2025-11-16 15:25:44,189 P15588 INFO Finish inference [0.37s]
2025-11-16 15:25:49,127 P15588 INFO {'f1': '0.9569', 'rc': '0.9457', 'pc': '0.9683', 'prc': '0.9766', 'roc': '0.9982', 'apc': '0.9769', 'acc': '0.9912', 'mcc': '0.9521'}
2025-11-16 15:25:49,128 P15588 INFO {'best anomaly ratio setting: 0.095'}
2025-11-16 15:25:49,128 P15588 INFO 3 epoches left before early stop
2025-11-16 15:26:01,360 P15588 INFO Epoch 22/100, training loss: 0.00062 [12.23s]
2025-11-16 15:26:01,360 P15588 INFO Evaluating test data.
2025-11-16 15:26:01,736 P15588 INFO Finish inference [0.38s]
2025-11-16 15:26:06,626 P15588 INFO {'f1': '0.9725', 'rc': '0.9612', 'pc': '0.9841', 'prc': '0.9752', 'roc': '0.9985', 'apc': '0.9758', 'acc': '0.9944', 'mcc': '0.9695'}
2025-11-16 15:26:06,627 P15588 INFO {'best anomaly ratio setting: 0.095'}
2025-11-16 15:26:06,627 P15588 INFO Saving model to ./experiment_records\18cda064\model.ckpt
2025-11-16 15:26:18,874 P15588 INFO Epoch 23/100, training loss: 0.00033 [12.24s]
2025-11-16 15:26:18,875 P15588 INFO Evaluating test data.
2025-11-16 15:26:19,271 P15588 INFO Finish inference [0.40s]
2025-11-16 15:26:24,302 P15588 INFO {'f1': '0.9725', 'rc': '0.9612', 'pc': '0.9841', 'prc': '0.9766', 'roc': '0.9985', 'apc': '0.9773', 'acc': '0.9944', 'mcc': '0.9695'}
2025-11-16 15:26:24,303 P15588 INFO {'best anomaly ratio setting: 0.095'}
2025-11-16 15:26:24,303 P15588 INFO 19 epoches left before early stop
2025-11-16 15:26:36,425 P15588 INFO Epoch 24/100, training loss: 0.00033 [12.12s]
2025-11-16 15:26:36,425 P15588 INFO Evaluating test data.
2025-11-16 15:26:36,802 P15588 INFO Finish inference [0.38s]
2025-11-16 15:26:41,750 P15588 INFO {'f1': '0.9804', 'rc': '0.9690', 'pc': '0.9921', 'prc': '0.9734', 'roc': '0.9984', 'apc': '0.9745', 'acc': '0.9960', 'mcc': '0.9783'}
2025-11-16 15:26:41,750 P15588 INFO {'best anomaly ratio setting: 0.095'}
2025-11-16 15:26:41,750 P15588 INFO Saving model to ./experiment_records\18cda064\model.ckpt
2025-11-16 15:26:53,954 P15588 INFO Epoch 25/100, training loss: 0.00031 [12.20s]
2025-11-16 15:26:53,954 P15588 INFO Evaluating test data.
2025-11-16 15:26:54,367 P15588 INFO Finish inference [0.41s]
2025-11-16 15:26:59,358 P15588 INFO {'f1': '0.9725', 'rc': '0.9612', 'pc': '0.9841', 'prc': '0.9763', 'roc': '0.9984', 'apc': '0.9766', 'acc': '0.9944', 'mcc': '0.9695'}
2025-11-16 15:26:59,358 P15588 INFO {'best anomaly ratio setting: 0.095'}
2025-11-16 15:26:59,358 P15588 INFO 19 epoches left before early stop
2025-11-16 15:27:11,543 P15588 INFO Epoch 26/100, training loss: 0.00033 [12.18s]
2025-11-16 15:27:11,544 P15588 INFO Evaluating test data.
2025-11-16 15:27:11,949 P15588 INFO Finish inference [0.40s]
2025-11-16 15:27:16,897 P15588 INFO {'f1': '0.9725', 'rc': '0.9612', 'pc': '0.9841', 'prc': '0.9556', 'roc': '0.9983', 'apc': '0.9617', 'acc': '0.9944', 'mcc': '0.9695'}
2025-11-16 15:27:16,898 P15588 INFO {'best anomaly ratio setting: 0.095'}
2025-11-16 15:27:16,898 P15588 INFO 18 epoches left before early stop
2025-11-16 15:27:29,107 P15588 INFO Epoch 27/100, training loss: 0.00034 [12.21s]
2025-11-16 15:27:29,107 P15588 INFO Evaluating test data.
2025-11-16 15:27:29,517 P15588 INFO Finish inference [0.41s]
2025-11-16 15:27:34,492 P15588 INFO {'f1': '0.9725', 'rc': '0.9612', 'pc': '0.9841', 'prc': '0.9748', 'roc': '0.9984', 'apc': '0.9757', 'acc': '0.9944', 'mcc': '0.9695'}
2025-11-16 15:27:34,493 P15588 INFO {'best anomaly ratio setting: 0.095'}
2025-11-16 15:27:34,493 P15588 INFO 17 epoches left before early stop
2025-11-16 15:27:46,581 P15588 INFO Epoch 28/100, training loss: 0.00031 [12.09s]
2025-11-16 15:27:46,582 P15588 INFO Evaluating test data.
2025-11-16 15:27:46,971 P15588 INFO Finish inference [0.39s]
2025-11-16 15:27:51,914 P15588 INFO {'f1': '0.9804', 'rc': '0.9690', 'pc': '0.9921', 'prc': '0.9739', 'roc': '0.9984', 'apc': '0.9748', 'acc': '0.9960', 'mcc': '0.9783'}
2025-11-16 15:27:51,915 P15588 INFO {'best anomaly ratio setting: 0.095'}
2025-11-16 15:27:51,915 P15588 INFO 16 epoches left before early stop
2025-11-16 15:28:04,074 P15588 INFO Epoch 29/100, training loss: 0.00023 [12.16s]
2025-11-16 15:28:04,075 P15588 INFO Evaluating test data.
2025-11-16 15:28:04,463 P15588 INFO Finish inference [0.39s]
2025-11-16 15:28:09,352 P15588 INFO {'f1': '0.9725', 'rc': '0.9612', 'pc': '0.9841', 'prc': '0.9768', 'roc': '0.9986', 'apc': '0.9775', 'acc': '0.9944', 'mcc': '0.9695'}
2025-11-16 15:28:09,353 P15588 INFO {'best anomaly ratio setting: 0.095'}
2025-11-16 15:28:09,353 P15588 INFO 15 epoches left before early stop
2025-11-16 15:28:21,499 P15588 INFO Epoch 30/100, training loss: 0.00024 [12.15s]
2025-11-16 15:28:21,499 P15588 INFO Evaluating test data.
2025-11-16 15:28:21,885 P15588 INFO Finish inference [0.38s]
2025-11-16 15:28:26,826 P15588 INFO {'f1': '0.9725', 'rc': '0.9612', 'pc': '0.9841', 'prc': '0.9793', 'roc': '0.9986', 'apc': '0.9796', 'acc': '0.9944', 'mcc': '0.9695'}
2025-11-16 15:28:26,827 P15588 INFO {'best anomaly ratio setting: 0.095'}
2025-11-16 15:28:26,827 P15588 INFO 14 epoches left before early stop
2025-11-16 15:28:39,020 P15588 INFO Epoch 31/100, training loss: 0.00022 [12.19s]
2025-11-16 15:28:39,021 P15588 INFO Evaluating test data.
2025-11-16 15:28:39,400 P15588 INFO Finish inference [0.38s]
2025-11-16 15:28:44,327 P15588 INFO {'f1': '0.9725', 'rc': '0.9612', 'pc': '0.9841', 'prc': '0.9747', 'roc': '0.9984', 'apc': '0.9756', 'acc': '0.9944', 'mcc': '0.9695'}
2025-11-16 15:28:44,327 P15588 INFO {'best anomaly ratio setting: 0.095'}
2025-11-16 15:28:44,327 P15588 INFO 13 epoches left before early stop
2025-11-16 15:28:56,467 P15588 INFO Epoch 32/100, training loss: 0.00015 [12.14s]
2025-11-16 15:28:56,467 P15588 INFO Evaluating test data.
2025-11-16 15:28:56,853 P15588 INFO Finish inference [0.38s]
2025-11-16 15:29:01,850 P15588 INFO {'f1': '0.9725', 'rc': '0.9612', 'pc': '0.9841', 'prc': '0.9741', 'roc': '0.9983', 'apc': '0.9747', 'acc': '0.9944', 'mcc': '0.9695'}
2025-11-16 15:29:01,852 P15588 INFO {'best anomaly ratio setting: 0.095'}
2025-11-16 15:29:01,852 P15588 INFO 12 epoches left before early stop
2025-11-16 15:29:14,067 P15588 INFO Epoch 33/100, training loss: 0.00012 [12.22s]
2025-11-16 15:29:14,067 P15588 INFO Evaluating test data.
2025-11-16 15:29:14,448 P15588 INFO Finish inference [0.38s]
2025-11-16 15:29:19,407 P15588 INFO {'f1': '0.9725', 'rc': '0.9612', 'pc': '0.9841', 'prc': '0.9746', 'roc': '0.9984', 'apc': '0.9755', 'acc': '0.9944', 'mcc': '0.9695'}
2025-11-16 15:29:19,408 P15588 INFO {'best anomaly ratio setting: 0.095'}
2025-11-16 15:29:19,408 P15588 INFO 11 epoches left before early stop
2025-11-16 15:29:31,728 P15588 INFO Epoch 34/100, training loss: 0.00013 [12.32s]
2025-11-16 15:29:31,728 P15588 INFO Evaluating test data.
2025-11-16 15:29:32,113 P15588 INFO Finish inference [0.38s]
2025-11-16 15:29:37,056 P15588 INFO {'f1': '0.9725', 'rc': '0.9612', 'pc': '0.9841', 'prc': '0.9749', 'roc': '0.9984', 'apc': '0.9756', 'acc': '0.9944', 'mcc': '0.9695'}
2025-11-16 15:29:37,058 P15588 INFO {'best anomaly ratio setting: 0.095'}
2025-11-16 15:29:37,058 P15588 INFO 10 epoches left before early stop
2025-11-16 15:29:49,305 P15588 INFO Epoch 35/100, training loss: 0.00020 [12.25s]
2025-11-16 15:29:49,306 P15588 INFO Evaluating test data.
2025-11-16 15:29:49,679 P15588 INFO Finish inference [0.37s]
2025-11-16 15:29:54,725 P15588 INFO {'f1': '0.9725', 'rc': '0.9612', 'pc': '0.9841', 'prc': '0.9750', 'roc': '0.9984', 'apc': '0.9758', 'acc': '0.9944', 'mcc': '0.9695'}
2025-11-16 15:29:54,726 P15588 INFO {'best anomaly ratio setting: 0.095'}
2025-11-16 15:29:54,726 P15588 INFO 9 epoches left before early stop
2025-11-16 15:30:06,929 P15588 INFO Epoch 36/100, training loss: 0.00015 [12.20s]
2025-11-16 15:30:06,930 P15588 INFO Evaluating test data.
2025-11-16 15:30:07,314 P15588 INFO Finish inference [0.38s]
2025-11-16 15:30:12,582 P15588 INFO {'f1': '0.9725', 'rc': '0.9612', 'pc': '0.9841', 'prc': '0.9774', 'roc': '0.9984', 'apc': '0.9779', 'acc': '0.9944', 'mcc': '0.9695'}
2025-11-16 15:30:12,583 P15588 INFO {'best anomaly ratio setting: 0.095'}
2025-11-16 15:30:12,583 P15588 INFO 8 epoches left before early stop
2025-11-16 15:30:24,733 P15588 INFO Epoch 37/100, training loss: 0.00011 [12.15s]
2025-11-16 15:30:24,733 P15588 INFO Evaluating test data.
2025-11-16 15:30:25,093 P15588 INFO Finish inference [0.36s]
2025-11-16 15:30:29,932 P15588 INFO {'f1': '0.9725', 'rc': '0.9612', 'pc': '0.9841', 'prc': '0.9773', 'roc': '0.9984', 'apc': '0.9778', 'acc': '0.9944', 'mcc': '0.9695'}
2025-11-16 15:30:29,933 P15588 INFO {'best anomaly ratio setting: 0.095'}
2025-11-16 15:30:29,933 P15588 INFO 7 epoches left before early stop
2025-11-16 15:30:42,130 P15588 INFO Epoch 38/100, training loss: 0.00010 [12.20s]
2025-11-16 15:30:42,130 P15588 INFO Evaluating test data.
2025-11-16 15:30:42,496 P15588 INFO Finish inference [0.36s]
2025-11-16 15:30:47,505 P15588 INFO {'f1': '0.9725', 'rc': '0.9612', 'pc': '0.9841', 'prc': '0.9785', 'roc': '0.9985', 'apc': '0.9790', 'acc': '0.9944', 'mcc': '0.9695'}
2025-11-16 15:30:47,506 P15588 INFO {'best anomaly ratio setting: 0.095'}
2025-11-16 15:30:47,506 P15588 INFO 6 epoches left before early stop
2025-11-16 15:30:59,828 P15588 INFO Epoch 39/100, training loss: 0.00008 [12.32s]
2025-11-16 15:30:59,828 P15588 INFO Evaluating test data.
2025-11-16 15:31:00,207 P15588 INFO Finish inference [0.38s]
2025-11-16 15:31:04,983 P15588 INFO {'f1': '0.9725', 'rc': '0.9612', 'pc': '0.9841', 'prc': '0.9818', 'roc': '0.9986', 'apc': '0.9820', 'acc': '0.9944', 'mcc': '0.9695'}
2025-11-16 15:31:04,984 P15588 INFO {'best anomaly ratio setting: 0.095'}
2025-11-16 15:31:04,984 P15588 INFO 5 epoches left before early stop
2025-11-16 15:31:17,119 P15588 INFO Epoch 40/100, training loss: 0.00008 [12.14s]
2025-11-16 15:31:17,119 P15588 INFO Evaluating test data.
2025-11-16 15:31:17,492 P15588 INFO Finish inference [0.37s]
2025-11-16 15:31:22,339 P15588 INFO {'f1': '0.9725', 'rc': '0.9612', 'pc': '0.9841', 'prc': '0.9766', 'roc': '0.9981', 'apc': '0.9771', 'acc': '0.9944', 'mcc': '0.9695'}
2025-11-16 15:31:22,339 P15588 INFO {'best anomaly ratio setting: 0.095'}
2025-11-16 15:31:22,340 P15588 INFO 4 epoches left before early stop
2025-11-16 15:31:34,589 P15588 INFO Epoch 41/100, training loss: 0.00014 [12.25s]
2025-11-16 15:31:34,590 P15588 INFO Evaluating test data.
2025-11-16 15:31:34,962 P15588 INFO Finish inference [0.37s]
2025-11-16 15:31:39,782 P15588 INFO {'f1': '0.9725', 'rc': '0.9612', 'pc': '0.9841', 'prc': '0.9793', 'roc': '0.9984', 'apc': '0.9796', 'acc': '0.9944', 'mcc': '0.9695'}
2025-11-16 15:31:39,783 P15588 INFO {'best anomaly ratio setting: 0.095'}
2025-11-16 15:31:39,783 P15588 INFO 3 epoches left before early stop
2025-11-16 15:31:51,896 P15588 INFO Epoch 42/100, training loss: 0.00009 [12.11s]
2025-11-16 15:31:51,896 P15588 INFO Evaluating test data.
2025-11-16 15:31:52,255 P15588 INFO Finish inference [0.36s]
2025-11-16 15:31:57,080 P15588 INFO {'f1': '0.9725', 'rc': '0.9612', 'pc': '0.9841', 'prc': '0.9770', 'roc': '0.9982', 'apc': '0.9774', 'acc': '0.9944', 'mcc': '0.9695'}
2025-11-16 15:31:57,080 P15588 INFO {'best anomaly ratio setting: 0.095'}
2025-11-16 15:31:57,081 P15588 INFO 2 epoches left before early stop
2025-11-16 15:32:09,138 P15588 INFO Epoch 43/100, training loss: 0.00007 [12.06s]
2025-11-16 15:32:09,138 P15588 INFO Evaluating test data.
2025-11-16 15:32:09,506 P15588 INFO Finish inference [0.37s]
2025-11-16 15:32:14,327 P15588 INFO {'f1': '0.9725', 'rc': '0.9612', 'pc': '0.9841', 'prc': '0.9785', 'roc': '0.9985', 'apc': '0.9789', 'acc': '0.9944', 'mcc': '0.9695'}
2025-11-16 15:32:14,328 P15588 INFO {'best anomaly ratio setting: 0.095'}
2025-11-16 15:32:14,328 P15588 INFO 1 epoches left before early stop
2025-11-16 15:32:26,659 P15588 INFO Epoch 44/100, training loss: 0.00010 [12.33s]
2025-11-16 15:32:26,659 P15588 INFO Evaluating test data.
2025-11-16 15:32:27,050 P15588 INFO Finish inference [0.39s]
2025-11-16 15:32:31,830 P15588 INFO {'f1': '0.9725', 'rc': '0.9612', 'pc': '0.9841', 'prc': '0.9764', 'roc': '0.9981', 'apc': '0.9768', 'acc': '0.9944', 'mcc': '0.9695'}
2025-11-16 15:32:31,830 P15588 INFO {'best anomaly ratio setting: 0.095'}
2025-11-16 15:32:31,830 P15588 INFO 0 epoches left before early stop
2025-11-16 15:32:31,831 P15588 INFO Early stop at epoch: 44
2025-11-16 15:32:31,839 P15588 INFO Start training on 64 batches with cuda:0.
2025-11-16 15:32:43,883 P15588 INFO Epoch 1/100, training loss: 0.03319 [12.04s]
2025-11-16 15:32:43,883 P15588 INFO Evaluating test data.
2025-11-16 15:32:44,245 P15588 INFO Finish inference [0.36s]
2025-11-16 15:32:49,180 P15588 INFO {'f1': '0.7913', 'rc': '0.7054', 'pc': '0.9010', 'prc': '0.8764', 'roc': '0.9828', 'apc': '0.8762', 'acc': '0.9617', 'mcc': '0.7776'}
2025-11-16 15:32:49,180 P15588 INFO {'best anomaly ratio setting: 0.075'}
2025-11-16 15:32:49,181 P15588 INFO Saving model to ./experiment_records\18cda064\model.ckpt
2025-11-16 15:33:01,255 P15588 INFO Epoch 2/100, training loss: 0.00961 [12.07s]
2025-11-16 15:33:01,255 P15588 INFO Evaluating test data.
2025-11-16 15:33:01,631 P15588 INFO Finish inference [0.37s]
2025-11-16 15:33:06,557 P15588 INFO {'f1': '0.8941', 'rc': '0.8837', 'pc': '0.9048', 'prc': '0.9367', 'roc': '0.9930', 'apc': '0.9375', 'acc': '0.9785', 'mcc': '0.8822'}
2025-11-16 15:33:06,557 P15588 INFO {'best anomaly ratio setting: 0.095'}
2025-11-16 15:33:06,558 P15588 INFO Saving model to ./experiment_records\18cda064\model.ckpt
2025-11-16 15:33:18,809 P15588 INFO Epoch 3/100, training loss: 0.00527 [12.25s]
2025-11-16 15:33:18,809 P15588 INFO Evaluating test data.
2025-11-16 15:33:19,183 P15588 INFO Finish inference [0.37s]
2025-11-16 15:33:24,159 P15588 INFO {'f1': '0.8941', 'rc': '0.8837', 'pc': '0.9048', 'prc': '0.9369', 'roc': '0.9941', 'apc': '0.9377', 'acc': '0.9785', 'mcc': '0.8822'}
2025-11-16 15:33:24,160 P15588 INFO {'best anomaly ratio setting: 0.095'}
2025-11-16 15:33:24,160 P15588 INFO 19 epoches left before early stop
2025-11-16 15:33:36,208 P15588 INFO Epoch 4/100, training loss: 0.00454 [12.05s]
2025-11-16 15:33:36,208 P15588 INFO Evaluating test data.
2025-11-16 15:33:36,588 P15588 INFO Finish inference [0.38s]
2025-11-16 15:33:41,436 P15588 INFO {'f1': '0.8941', 'rc': '0.8837', 'pc': '0.9048', 'prc': '0.9440', 'roc': '0.9942', 'apc': '0.9444', 'acc': '0.9785', 'mcc': '0.8822'}
2025-11-16 15:33:41,436 P15588 INFO {'best anomaly ratio setting: 0.095'}
2025-11-16 15:33:41,437 P15588 INFO 18 epoches left before early stop
2025-11-16 15:33:53,459 P15588 INFO Epoch 5/100, training loss: 0.00495 [12.02s]
2025-11-16 15:33:53,460 P15588 INFO Evaluating test data.
2025-11-16 15:33:53,815 P15588 INFO Finish inference [0.36s]
2025-11-16 15:33:58,796 P15588 INFO {'f1': '0.9588', 'rc': '0.9922', 'pc': '0.9275', 'prc': '0.9675', 'roc': '0.9974', 'apc': '0.9677', 'acc': '0.9912', 'mcc': '0.9546'}
2025-11-16 15:33:58,797 P15588 INFO {'best anomaly ratio setting: 0.105'}
2025-11-16 15:33:58,797 P15588 INFO Saving model to ./experiment_records\18cda064\model.ckpt
2025-11-16 15:34:10,864 P15588 INFO Epoch 6/100, training loss: 0.00401 [12.06s]
2025-11-16 15:34:10,864 P15588 INFO Evaluating test data.
2025-11-16 15:34:11,229 P15588 INFO Finish inference [0.36s]
2025-11-16 15:34:16,067 P15588 INFO {'f1': '0.9588', 'rc': '0.9922', 'pc': '0.9275', 'prc': '0.9698', 'roc': '0.9980', 'apc': '0.9703', 'acc': '0.9912', 'mcc': '0.9546'}
2025-11-16 15:34:16,068 P15588 INFO {'best anomaly ratio setting: 0.105'}
2025-11-16 15:34:16,068 P15588 INFO 19 epoches left before early stop
2025-11-16 15:34:28,361 P15588 INFO Epoch 7/100, training loss: 0.00270 [12.29s]
2025-11-16 15:34:28,361 P15588 INFO Evaluating test data.
2025-11-16 15:34:28,727 P15588 INFO Finish inference [0.36s]
2025-11-16 15:34:33,652 P15588 INFO {'f1': '0.9020', 'rc': '0.8915', 'pc': '0.9127', 'prc': '0.9411', 'roc': '0.9940', 'apc': '0.9419', 'acc': '0.9801', 'mcc': '0.8909'}
2025-11-16 15:34:33,652 P15588 INFO {'best anomaly ratio setting: 0.095'}
2025-11-16 15:34:33,652 P15588 INFO 18 epoches left before early stop
2025-11-16 15:34:45,874 P15588 INFO Epoch 8/100, training loss: 0.00274 [12.22s]
2025-11-16 15:34:45,874 P15588 INFO Evaluating test data.
2025-11-16 15:34:46,224 P15588 INFO Finish inference [0.35s]
2025-11-16 15:34:51,239 P15588 INFO {'f1': '0.9213', 'rc': '0.9535', 'pc': '0.8913', 'prc': '0.9562', 'roc': '0.9962', 'apc': '0.9570', 'acc': '0.9833', 'mcc': '0.9126'}
2025-11-16 15:34:51,240 P15588 INFO {'best anomaly ratio setting: 0.105'}
2025-11-16 15:34:51,240 P15588 INFO 17 epoches left before early stop
2025-11-16 15:35:03,319 P15588 INFO Epoch 9/100, training loss: 0.00240 [12.08s]
2025-11-16 15:35:03,319 P15588 INFO Evaluating test data.
2025-11-16 15:35:03,695 P15588 INFO Finish inference [0.38s]
2025-11-16 15:35:08,506 P15588 INFO {'f1': '0.9255', 'rc': '0.9147', 'pc': '0.9365', 'prc': '0.9607', 'roc': '0.9960', 'apc': '0.9609', 'acc': '0.9848', 'mcc': '0.9171'}
2025-11-16 15:35:08,506 P15588 INFO {'best anomaly ratio setting: 0.095'}
2025-11-16 15:35:08,506 P15588 INFO 16 epoches left before early stop
2025-11-16 15:35:20,577 P15588 INFO Epoch 10/100, training loss: 0.00209 [12.07s]
2025-11-16 15:35:20,577 P15588 INFO Evaluating test data.
2025-11-16 15:35:20,943 P15588 INFO Finish inference [0.37s]
2025-11-16 15:35:25,734 P15588 INFO {'f1': '0.9438', 'rc': '0.9767', 'pc': '0.9130', 'prc': '0.9589', 'roc': '0.9968', 'apc': '0.9599', 'acc': '0.9880', 'mcc': '0.9378'}
2025-11-16 15:35:25,734 P15588 INFO {'best anomaly ratio setting: 0.105'}
2025-11-16 15:35:25,735 P15588 INFO 15 epoches left before early stop
2025-11-16 15:35:37,694 P15588 INFO Epoch 11/100, training loss: 0.00345 [11.96s]
2025-11-16 15:35:37,694 P15588 INFO Evaluating test data.
2025-11-16 15:35:38,092 P15588 INFO Finish inference [0.40s]
2025-11-16 15:35:42,908 P15588 INFO {'f1': '0.9098', 'rc': '0.8992', 'pc': '0.9206', 'prc': '0.9404', 'roc': '0.9939', 'apc': '0.9415', 'acc': '0.9817', 'mcc': '0.8997'}
2025-11-16 15:35:42,908 P15588 INFO {'best anomaly ratio setting: 0.095'}
2025-11-16 15:35:42,909 P15588 INFO 14 epoches left before early stop
2025-11-16 15:35:55,022 P15588 INFO Epoch 12/100, training loss: 0.00283 [12.11s]
2025-11-16 15:35:55,022 P15588 INFO Evaluating test data.
2025-11-16 15:35:55,381 P15588 INFO Finish inference [0.36s]
2025-11-16 15:36:00,288 P15588 INFO {'f1': '0.9020', 'rc': '0.8915', 'pc': '0.9127', 'prc': '0.9504', 'roc': '0.9958', 'apc': '0.9514', 'acc': '0.9801', 'mcc': '0.8909'}
2025-11-16 15:36:00,289 P15588 INFO {'best anomaly ratio setting: 0.095'}
2025-11-16 15:36:00,289 P15588 INFO 13 epoches left before early stop
2025-11-16 15:36:12,321 P15588 INFO Epoch 13/100, training loss: 0.00188 [12.03s]
2025-11-16 15:36:12,322 P15588 INFO Evaluating test data.
2025-11-16 15:36:12,683 P15588 INFO Finish inference [0.36s]
2025-11-16 15:36:17,513 P15588 INFO {'f1': '0.9008', 'rc': '0.8450', 'pc': '0.9646', 'prc': '0.9386', 'roc': '0.9944', 'apc': '0.9397', 'acc': '0.9809', 'mcc': '0.8927'}
2025-11-16 15:36:17,514 P15588 INFO {'best anomaly ratio setting: 0.086'}
2025-11-16 15:36:17,514 P15588 INFO 12 epoches left before early stop
2025-11-16 15:36:29,560 P15588 INFO Epoch 14/100, training loss: 0.00116 [12.05s]
2025-11-16 15:36:29,561 P15588 INFO Evaluating test data.
2025-11-16 15:36:29,930 P15588 INFO Finish inference [0.37s]
2025-11-16 15:36:34,882 P15588 INFO {'f1': '0.9569', 'rc': '0.9457', 'pc': '0.9683', 'prc': '0.9618', 'roc': '0.9975', 'apc': '0.9630', 'acc': '0.9912', 'mcc': '0.9521'}
2025-11-16 15:36:34,883 P15588 INFO {'best anomaly ratio setting: 0.095'}
2025-11-16 15:36:34,883 P15588 INFO 11 epoches left before early stop
2025-11-16 15:36:46,960 P15588 INFO Epoch 15/100, training loss: 0.00130 [12.08s]
2025-11-16 15:36:46,961 P15588 INFO Evaluating test data.
2025-11-16 15:36:47,339 P15588 INFO Finish inference [0.38s]
2025-11-16 15:36:52,290 P15588 INFO {'f1': '0.9569', 'rc': '0.9457', 'pc': '0.9683', 'prc': '0.9665', 'roc': '0.9974', 'apc': '0.9671', 'acc': '0.9912', 'mcc': '0.9521'}
2025-11-16 15:36:52,290 P15588 INFO {'best anomaly ratio setting: 0.095'}
2025-11-16 15:36:52,291 P15588 INFO 10 epoches left before early stop
2025-11-16 15:37:04,342 P15588 INFO Epoch 16/100, training loss: 0.00105 [12.05s]
2025-11-16 15:37:04,342 P15588 INFO Evaluating test data.
2025-11-16 15:37:04,695 P15588 INFO Finish inference [0.35s]
2025-11-16 15:37:09,613 P15588 INFO {'f1': '0.9412', 'rc': '0.9302', 'pc': '0.9524', 'prc': '0.9593', 'roc': '0.9967', 'apc': '0.9601', 'acc': '0.9880', 'mcc': '0.9346'}
2025-11-16 15:37:09,613 P15588 INFO {'best anomaly ratio setting: 0.095'}
2025-11-16 15:37:09,614 P15588 INFO 9 epoches left before early stop
2025-11-16 15:37:21,829 P15588 INFO Epoch 17/100, training loss: 0.00158 [12.21s]
2025-11-16 15:37:21,830 P15588 INFO Evaluating test data.
2025-11-16 15:37:22,193 P15588 INFO Finish inference [0.36s]
2025-11-16 15:37:27,116 P15588 INFO {'f1': '0.9363', 'rc': '0.9690', 'pc': '0.9058', 'prc': '0.9548', 'roc': '0.9961', 'apc': '0.9559', 'acc': '0.9864', 'mcc': '0.9294'}
2025-11-16 15:37:27,117 P15588 INFO {'best anomaly ratio setting: 0.105'}
2025-11-16 15:37:27,117 P15588 INFO 8 epoches left before early stop
2025-11-16 15:37:39,146 P15588 INFO Epoch 18/100, training loss: 0.00060 [12.03s]
2025-11-16 15:37:39,147 P15588 INFO Evaluating test data.
2025-11-16 15:37:39,546 P15588 INFO Finish inference [0.40s]
2025-11-16 15:37:44,475 P15588 INFO {'f1': '0.8786', 'rc': '0.9535', 'pc': '0.8146', 'prc': '0.9476', 'roc': '0.9942', 'apc': '0.9479', 'acc': '0.9729', 'mcc': '0.8668'}
2025-11-16 15:37:44,475 P15588 INFO {'best anomaly ratio setting: 0.115'}
2025-11-16 15:37:44,476 P15588 INFO 7 epoches left before early stop
2025-11-16 15:37:56,528 P15588 INFO Epoch 19/100, training loss: 0.00080 [12.05s]
2025-11-16 15:37:56,529 P15588 INFO Evaluating test data.
2025-11-16 15:37:56,891 P15588 INFO Finish inference [0.36s]
2025-11-16 15:38:01,867 P15588 INFO {'f1': '0.8843', 'rc': '0.8295', 'pc': '0.9469', 'prc': '0.9509', 'roc': '0.9949', 'apc': '0.9514', 'acc': '0.9777', 'mcc': '0.8743'}
2025-11-16 15:38:01,868 P15588 INFO {'best anomaly ratio setting: 0.086'}
2025-11-16 15:38:01,868 P15588 INFO 6 epoches left before early stop
2025-11-16 15:38:14,013 P15588 INFO Epoch 20/100, training loss: 0.00081 [12.14s]
2025-11-16 15:38:14,014 P15588 INFO Evaluating test data.
2025-11-16 15:38:14,378 P15588 INFO Finish inference [0.36s]
2025-11-16 15:38:19,576 P15588 INFO {'f1': '0.8941', 'rc': '0.8837', 'pc': '0.9048', 'prc': '0.9408', 'roc': '0.9924', 'apc': '0.9414', 'acc': '0.9785', 'mcc': '0.8822'}
2025-11-16 15:38:19,577 P15588 INFO {'best anomaly ratio setting: 0.095'}
2025-11-16 15:38:19,577 P15588 INFO 5 epoches left before early stop
2025-11-16 15:38:31,762 P15588 INFO Epoch 21/100, training loss: 0.00084 [12.18s]
2025-11-16 15:38:31,762 P15588 INFO Evaluating test data.
2025-11-16 15:38:32,140 P15588 INFO Finish inference [0.38s]
2025-11-16 15:38:37,055 P15588 INFO {'f1': '0.9725', 'rc': '0.9612', 'pc': '0.9841', 'prc': '0.9754', 'roc': '0.9976', 'apc': '0.9757', 'acc': '0.9944', 'mcc': '0.9695'}
2025-11-16 15:38:37,056 P15588 INFO {'best anomaly ratio setting: 0.095'}
2025-11-16 15:38:37,056 P15588 INFO Saving model to ./experiment_records\18cda064\model.ckpt
2025-11-16 15:38:49,137 P15588 INFO Epoch 22/100, training loss: 0.00035 [12.08s]
2025-11-16 15:38:49,138 P15588 INFO Evaluating test data.
2025-11-16 15:38:49,542 P15588 INFO Finish inference [0.40s]
2025-11-16 15:38:54,589 P15588 INFO {'f1': '0.9725', 'rc': '0.9612', 'pc': '0.9841', 'prc': '0.9777', 'roc': '0.9979', 'apc': '0.9780', 'acc': '0.9944', 'mcc': '0.9695'}
2025-11-16 15:38:54,589 P15588 INFO {'best anomaly ratio setting: 0.095'}
2025-11-16 15:38:54,590 P15588 INFO 19 epoches left before early stop
2025-11-16 15:39:06,756 P15588 INFO Epoch 23/100, training loss: 0.00028 [12.17s]
2025-11-16 15:39:06,757 P15588 INFO Evaluating test data.
2025-11-16 15:39:07,152 P15588 INFO Finish inference [0.40s]
2025-11-16 15:39:12,028 P15588 INFO {'f1': '0.8522', 'rc': '0.7597', 'pc': '0.9703', 'prc': '0.9183', 'roc': '0.9890', 'apc': '0.9190', 'acc': '0.9729', 'mcc': '0.8451'}
2025-11-16 15:39:12,029 P15588 INFO {'best anomaly ratio setting: 0.075'}
2025-11-16 15:39:12,029 P15588 INFO 18 epoches left before early stop
2025-11-16 15:39:24,248 P15588 INFO Epoch 24/100, training loss: 0.00033 [12.22s]
2025-11-16 15:39:24,249 P15588 INFO Evaluating test data.
2025-11-16 15:39:24,629 P15588 INFO Finish inference [0.38s]
2025-11-16 15:39:29,531 P15588 INFO {'f1': '0.9071', 'rc': '0.9845', 'pc': '0.8411', 'prc': '0.9569', 'roc': '0.9957', 'apc': '0.9575', 'acc': '0.9793', 'mcc': '0.8991'}
2025-11-16 15:39:29,532 P15588 INFO {'best anomaly ratio setting: 0.115'}
2025-11-16 15:39:29,532 P15588 INFO 17 epoches left before early stop
2025-11-16 15:39:41,706 P15588 INFO Epoch 25/100, training loss: 0.00027 [12.17s]
2025-11-16 15:39:41,706 P15588 INFO Evaluating test data.
2025-11-16 15:39:42,096 P15588 INFO Finish inference [0.39s]
2025-11-16 15:39:46,982 P15588 INFO {'f1': '0.8941', 'rc': '0.8837', 'pc': '0.9048', 'prc': '0.9407', 'roc': '0.9924', 'apc': '0.9414', 'acc': '0.9785', 'mcc': '0.8822'}
2025-11-16 15:39:46,982 P15588 INFO {'best anomaly ratio setting: 0.095'}
2025-11-16 15:39:46,983 P15588 INFO 16 epoches left before early stop
2025-11-16 15:39:59,291 P15588 INFO Epoch 26/100, training loss: 0.00027 [12.31s]
2025-11-16 15:39:59,291 P15588 INFO Evaluating test data.
2025-11-16 15:39:59,657 P15588 INFO Finish inference [0.37s]
2025-11-16 15:40:04,569 P15588 INFO {'f1': '0.9725', 'rc': '0.9612', 'pc': '0.9841', 'prc': '0.9762', 'roc': '0.9981', 'apc': '0.9767', 'acc': '0.9944', 'mcc': '0.9695'}
2025-11-16 15:40:04,569 P15588 INFO {'best anomaly ratio setting: 0.095'}
2025-11-16 15:40:04,569 P15588 INFO 15 epoches left before early stop
2025-11-16 15:40:16,767 P15588 INFO Epoch 27/100, training loss: 0.00028 [12.20s]
2025-11-16 15:40:16,767 P15588 INFO Evaluating test data.
2025-11-16 15:40:17,171 P15588 INFO Finish inference [0.40s]
2025-11-16 15:40:22,050 P15588 INFO {'f1': '0.9569', 'rc': '0.9457', 'pc': '0.9683', 'prc': '0.9734', 'roc': '0.9979', 'apc': '0.9740', 'acc': '0.9912', 'mcc': '0.9521'}
2025-11-16 15:40:22,050 P15588 INFO {'best anomaly ratio setting: 0.095'}
2025-11-16 15:40:22,051 P15588 INFO 14 epoches left before early stop
2025-11-16 15:40:34,133 P15588 INFO Epoch 28/100, training loss: 0.00019 [12.08s]
2025-11-16 15:40:34,134 P15588 INFO Evaluating test data.
2025-11-16 15:40:34,515 P15588 INFO Finish inference [0.38s]
2025-11-16 15:40:39,432 P15588 INFO {'f1': '0.8678', 'rc': '0.8140', 'pc': '0.9292', 'prc': '0.9316', 'roc': '0.9914', 'apc': '0.9326', 'acc': '0.9745', 'mcc': '0.8560'}
2025-11-16 15:40:39,432 P15588 INFO {'best anomaly ratio setting: 0.086'}
2025-11-16 15:40:39,433 P15588 INFO 13 epoches left before early stop
2025-11-16 15:40:51,540 P15588 INFO Epoch 29/100, training loss: 0.00017 [12.11s]
2025-11-16 15:40:51,540 P15588 INFO Evaluating test data.
2025-11-16 15:40:51,923 P15588 INFO Finish inference [0.38s]
2025-11-16 15:40:56,827 P15588 INFO {'f1': '0.9365', 'rc': '0.9147', 'pc': '0.9593', 'prc': '0.9699', 'roc': '0.9976', 'apc': '0.9703', 'acc': '0.9872', 'mcc': '0.9297'}
2025-11-16 15:40:56,827 P15588 INFO {'best anomaly ratio setting: 0.095'}
2025-11-16 15:40:56,828 P15588 INFO 12 epoches left before early stop
2025-11-16 15:41:09,143 P15588 INFO Epoch 30/100, training loss: 0.00017 [12.31s]
2025-11-16 15:41:09,143 P15588 INFO Evaluating test data.
2025-11-16 15:41:09,527 P15588 INFO Finish inference [0.38s]
2025-11-16 15:41:14,372 P15588 INFO {'f1': '0.8941', 'rc': '0.8837', 'pc': '0.9048', 'prc': '0.9443', 'roc': '0.9920', 'apc': '0.9446', 'acc': '0.9785', 'mcc': '0.8822'}
2025-11-16 15:41:14,373 P15588 INFO {'best anomaly ratio setting: 0.095'}
2025-11-16 15:41:14,373 P15588 INFO 11 epoches left before early stop
2025-11-16 15:41:26,551 P15588 INFO Epoch 31/100, training loss: 0.00015 [12.18s]
2025-11-16 15:41:26,551 P15588 INFO Evaluating test data.
2025-11-16 15:41:26,965 P15588 INFO Finish inference [0.41s]
2025-11-16 15:41:31,943 P15588 INFO {'f1': '0.8941', 'rc': '0.8837', 'pc': '0.9048', 'prc': '0.9453', 'roc': '0.9926', 'apc': '0.9457', 'acc': '0.9785', 'mcc': '0.8822'}
2025-11-16 15:41:31,943 P15588 INFO {'best anomaly ratio setting: 0.095'}
2025-11-16 15:41:31,944 P15588 INFO 10 epoches left before early stop
2025-11-16 15:41:44,097 P15588 INFO Epoch 32/100, training loss: 0.00011 [12.15s]
2025-11-16 15:41:44,097 P15588 INFO Evaluating test data.
2025-11-16 15:41:44,470 P15588 INFO Finish inference [0.37s]
2025-11-16 15:41:49,389 P15588 INFO {'f1': '0.8863', 'rc': '0.8760', 'pc': '0.8968', 'prc': '0.9383', 'roc': '0.9920', 'apc': '0.9379', 'acc': '0.9769', 'mcc': '0.8735'}
2025-11-16 15:41:49,390 P15588 INFO {'best anomaly ratio setting: 0.095'}
2025-11-16 15:41:49,390 P15588 INFO 9 epoches left before early stop
2025-11-16 15:42:01,538 P15588 INFO Epoch 33/100, training loss: 0.00011 [12.15s]
2025-11-16 15:42:01,539 P15588 INFO Evaluating test data.
2025-11-16 15:42:01,915 P15588 INFO Finish inference [0.38s]
2025-11-16 15:42:06,833 P15588 INFO {'f1': '0.9725', 'rc': '0.9612', 'pc': '0.9841', 'prc': '0.9750', 'roc': '0.9980', 'apc': '0.9754', 'acc': '0.9944', 'mcc': '0.9695'}
2025-11-16 15:42:06,833 P15588 INFO {'best anomaly ratio setting: 0.095'}
2025-11-16 15:42:06,834 P15588 INFO 8 epoches left before early stop
2025-11-16 15:42:18,879 P15588 INFO Epoch 34/100, training loss: 0.00010 [12.04s]
2025-11-16 15:42:18,880 P15588 INFO Evaluating test data.
2025-11-16 15:42:19,284 P15588 INFO Finish inference [0.40s]
2025-11-16 15:42:24,184 P15588 INFO {'f1': '0.9647', 'rc': '0.9535', 'pc': '0.9762', 'prc': '0.9700', 'roc': '0.9978', 'apc': '0.9707', 'acc': '0.9928', 'mcc': '0.9608'}
2025-11-16 15:42:24,185 P15588 INFO {'best anomaly ratio setting: 0.095'}
2025-11-16 15:42:24,185 P15588 INFO 7 epoches left before early stop
2025-11-16 15:42:36,298 P15588 INFO Epoch 35/100, training loss: 0.00009 [12.11s]
2025-11-16 15:42:36,299 P15588 INFO Evaluating test data.
2025-11-16 15:42:36,708 P15588 INFO Finish inference [0.41s]
2025-11-16 15:42:41,693 P15588 INFO {'f1': '0.9647', 'rc': '0.9535', 'pc': '0.9762', 'prc': '0.9758', 'roc': '0.9977', 'apc': '0.9761', 'acc': '0.9928', 'mcc': '0.9608'}
2025-11-16 15:42:41,693 P15588 INFO {'best anomaly ratio setting: 0.095'}
2025-11-16 15:42:41,694 P15588 INFO 6 epoches left before early stop
2025-11-16 15:42:53,887 P15588 INFO Epoch 36/100, training loss: 0.00014 [12.19s]
2025-11-16 15:42:53,888 P15588 INFO Evaluating test data.
2025-11-16 15:42:54,278 P15588 INFO Finish inference [0.39s]
2025-11-16 15:42:59,240 P15588 INFO {'f1': '0.9647', 'rc': '0.9535', 'pc': '0.9762', 'prc': '0.9762', 'roc': '0.9977', 'apc': '0.9765', 'acc': '0.9928', 'mcc': '0.9608'}
2025-11-16 15:42:59,240 P15588 INFO {'best anomaly ratio setting: 0.095'}
2025-11-16 15:42:59,241 P15588 INFO 5 epoches left before early stop
2025-11-16 15:43:11,338 P15588 INFO Epoch 37/100, training loss: 0.00017 [12.10s]
2025-11-16 15:43:11,339 P15588 INFO Evaluating test data.
2025-11-16 15:43:11,752 P15588 INFO Finish inference [0.41s]
2025-11-16 15:43:16,578 P15588 INFO {'f1': '0.9603', 'rc': '0.9380', 'pc': '0.9837', 'prc': '0.9776', 'roc': '0.9979', 'apc': '0.9778', 'acc': '0.9920', 'mcc': '0.9562'}
2025-11-16 15:43:16,579 P15588 INFO {'best anomaly ratio setting: 0.095'}
2025-11-16 15:43:16,579 P15588 INFO 4 epoches left before early stop
2025-11-16 15:43:28,726 P15588 INFO Epoch 38/100, training loss: 0.00013 [12.15s]
2025-11-16 15:43:28,726 P15588 INFO Evaluating test data.
2025-11-16 15:43:29,097 P15588 INFO Finish inference [0.37s]
2025-11-16 15:43:33,899 P15588 INFO {'f1': '0.9647', 'rc': '0.9535', 'pc': '0.9762', 'prc': '0.9776', 'roc': '0.9979', 'apc': '0.9779', 'acc': '0.9928', 'mcc': '0.9608'}
2025-11-16 15:43:33,899 P15588 INFO {'best anomaly ratio setting: 0.095'}
2025-11-16 15:43:33,899 P15588 INFO 3 epoches left before early stop
2025-11-16 15:43:46,281 P15588 INFO Epoch 39/100, training loss: 0.00011 [12.38s]
2025-11-16 15:43:46,282 P15588 INFO Evaluating test data.
2025-11-16 15:43:46,664 P15588 INFO Finish inference [0.38s]
2025-11-16 15:43:51,600 P15588 INFO {'f1': '0.9328', 'rc': '0.9147', 'pc': '0.9516', 'prc': '0.9709', 'roc': '0.9970', 'apc': '0.9711', 'acc': '0.9864', 'mcc': '0.9255'}
2025-11-16 15:43:51,601 P15588 INFO {'best anomaly ratio setting: 0.095'}
2025-11-16 15:43:51,601 P15588 INFO 2 epoches left before early stop
2025-11-16 15:44:03,653 P15588 INFO Epoch 40/100, training loss: 0.00013 [12.05s]
2025-11-16 15:44:03,654 P15588 INFO Evaluating test data.
2025-11-16 15:44:04,033 P15588 INFO Finish inference [0.38s]
2025-11-16 15:44:08,914 P15588 INFO {'f1': '0.9725', 'rc': '0.9612', 'pc': '0.9841', 'prc': '0.9803', 'roc': '0.9983', 'apc': '0.9805', 'acc': '0.9944', 'mcc': '0.9695'}
2025-11-16 15:44:08,914 P15588 INFO {'best anomaly ratio setting: 0.095'}
2025-11-16 15:44:08,915 P15588 INFO 1 epoches left before early stop
2025-11-16 15:44:21,055 P15588 INFO Epoch 41/100, training loss: 0.00011 [12.14s]
2025-11-16 15:44:21,056 P15588 INFO Evaluating test data.
2025-11-16 15:44:21,436 P15588 INFO Finish inference [0.38s]
2025-11-16 15:44:26,223 P15588 INFO {'f1': '0.8941', 'rc': '0.8837', 'pc': '0.9048', 'prc': '0.9568', 'roc': '0.9951', 'apc': '0.9572', 'acc': '0.9785', 'mcc': '0.8822'}
2025-11-16 15:44:26,223 P15588 INFO {'best anomaly ratio setting: 0.095'}
2025-11-16 15:44:26,224 P15588 INFO 0 epoches left before early stop
2025-11-16 15:44:26,225 P15588 INFO Early stop at epoch: 41
